\BOOKMARK [2][-]{subsection.0.1}{\376\377\176\337\213\241\145\271\154\325\116\016\147\072\126\150\133\146\116\140\133\236\232\214\116\214}{}% 1
\BOOKMARK [3][-]{subsubsection.0.1.1}{\376\377\0001\0000\0002\0001\0005\0005\0000\0001\0004\0003\0005\000\040\147\150\203\034\226\305}{subsection.0.1}% 2
\BOOKMARK [2][-]{subsection.0.2}{\376\377\200\314\146\157\143\317\217\360}{}% 3
\BOOKMARK [2][-]{subsection.0.3}{\376\377\145\160\143\156\143\317\217\360}{}% 4
\BOOKMARK [2][-]{subsection.0.4}{\376\377\116\373\122\241}{}% 5
\BOOKMARK [1][-]{section.1}{\376\377\000T\000a\000s\000k\000\040\0001\000:\000\040\213\367\165\050\131\032\121\103\176\277\140\047\126\336\137\122\152\041\127\213\377\014\143\317\217\360\122\066\122\250\232\154\122\233\124\214\123\321\122\250\147\072\217\154\220\037\060\001\220\123\215\357\217\233\160\367\120\074\116\345\123\312\123\213\177\051\120\074\116\113\225\364\166\204\121\375\145\160\121\163\174\373\060\002}{}% 6
\BOOKMARK [2][-]{subsection.1.1}{\376\377\213\376\116\012\116\343\170\001\217\301\171\373}{section.1}% 7
\BOOKMARK [2][-]{subsection.1.2}{\376\377\201\352\135\361\134\035\213\325}{section.1}% 8
\BOOKMARK [2][-]{subsection.1.3}{\376\377\176\374\116\012\142\100\217\360\377\014\142\021\116\354\123\357\116\345\217\223\121\372\131\032\121\103\176\277\140\047\126\336\137\122\145\271\172\013}{section.1}% 9
\BOOKMARK [1][-]{section.2}{\376\377\000T\000a\000s\000k\000\040\0002\000:\000\040\122\006\122\053\134\006\145\160\143\156\116\055\137\303\123\026\060\001\150\007\121\306\123\026\116\113\124\016\377\014\153\324\217\203\123\302\145\160\117\060\213\241\166\204\137\002\124\014\377\014\136\166\217\333\210\114\213\304\217\360\377\010\143\320\171\072\377\032\123\357\116\345\176\323\124\010\164\006\213\272\213\376\166\204\213\376\116\366\377\011\060\002}{}% 10
\BOOKMARK [2][-]{subsection.2.1}{\376\377\116\055\137\303\123\026}{section.2}% 11
\BOOKMARK [3][-]{subsubsection.2.1.1}{\376\377\213\376\116\012\116\343\170\001}{subsection.2.1}% 12
\BOOKMARK [3][-]{subsubsection.2.1.2}{\376\377\201\352\135\361\134\035\213\325}{subsection.2.1}% 13
\BOOKMARK [3][-]{subsubsection.2.1.3}{\376\377\217\223\121\372\116\055\137\303\123\026\124\016\166\204\131\032\121\103\176\277\140\047\126\336\137\122\145\271\172\013}{subsection.2.1}% 14
\BOOKMARK [3][-]{subsubsection.2.1.4}{\376\377\220\032\217\307\133\371\153\324\145\160\143\156\116\055\137\303\123\026\122\115\124\016\166\204\176\323\147\234\377\014\142\021\116\354\123\357\116\345\123\321\163\260\377\014\133\371\145\160\143\156\217\333\210\114\116\055\137\303\123\026\116\113\124\016\126\336\137\122\136\070\145\160\123\330\116\072\000\040\0000\377\014\200\014\126\336\137\122\174\373\145\160\120\074\147\052\145\071\123\330\060\002}{subsection.2.1}% 15
\BOOKMARK [2][-]{subsection.2.2}{\376\377\150\007\121\306\123\026}{section.2}% 16
\BOOKMARK [3][-]{subsubsection.2.2.1}{\376\377\217\223\121\372\150\007\121\306\123\026\124\016\166\204\131\032\121\103\176\277\140\047\126\336\137\122\145\271\172\013}{subsection.2.2}% 17
\BOOKMARK [3][-]{subsubsection.2.2.2}{\376\377\220\032\217\307\133\371\153\324\145\160\143\156\150\007\121\306\123\026\122\115\124\016\166\204\176\323\147\234\377\014\142\021\116\354\123\357\116\345\123\321\163\260\377\014\123\302\145\160\166\204\153\143\215\037\123\367\116\015\123\330\060\001\131\047\134\017\124\214\123\237\147\145\166\204\123\302\145\160\116\113\225\364\133\130\127\050\121\163\174\373}{subsection.2.2}% 18
\BOOKMARK [1][-]{section.3}{\376\377\000T\000a\000s\000k\000\040\0003\000:\000\040\116\316\152\041\127\213\146\076\204\127\140\047\060\001\123\302\145\160\146\076\204\127\140\047\116\345\123\312\153\213\135\356\122\006\147\220\116\011\116\052\211\322\136\246\377\014\122\006\147\220\131\032\121\103\176\277\140\047\126\336\137\122\152\041\127\213\146\057\124\046\124\010\164\006\060\002}{}% 19
\BOOKMARK [2][-]{subsubsection.3.0.1}{\376\377\0001\060\001\152\041\127\213\146\076\204\127\140\047\124\214\123\302\145\160\146\076\204\127\140\047}{section.3}% 20
\BOOKMARK [3][-]{subsubsection.3.0.2}{\376\377\201\352\135\361\133\236\215\365}{subsubsection.3.0.1}% 21
\BOOKMARK [3][-]{subsubsection.3.0.3}{\376\377\0002\060\001\153\213\135\356\122\006\147\220}{subsubsection.3.0.1}% 22
\BOOKMARK [3][-]{subsubsection.3.0.4}{\376\377\213\241\173\227\000B\000r\000a\000k\000e\000\137\000H\000o\000r\000s\000e\000p\000o\000w\000e\000r\166\204\153\213\135\356}{subsubsection.3.0.1}% 23
\BOOKMARK [3][-]{subsubsection.3.0.5}{\376\377\153\213\135\356\166\204\153\143\140\001\151\202\163\207\126\376}{subsubsection.3.0.1}% 24
\BOOKMARK [3][-]{subsubsection.3.0.6}{\376\377\153\213\135\356\116\016\142\337\124\010\120\074\166\204\121\163\174\373\126\376}{subsubsection.3.0.1}% 25
\BOOKMARK [1][-]{section.4}{\376\377\000T\000a\000s\000k\000\040\0004\000:\000\040\202\345\123\326\123\321\122\250\147\072\217\154\220\037\116\072\0003\0000\0000\0000\217\154\000/\000m\000i\000n\377\014\220\123\215\357\217\233\160\367\120\074\116\072\0009\0000\377\014\123\321\122\250\147\072\123\213\177\051\120\074\116\072\0001\0000\0000\145\366\377\014\122\006\122\053\176\331\121\372\122\066\122\250\232\154\122\233\120\074\166\204\177\156\117\341\123\072\225\364\124\214\230\204\155\113\123\072\225\364\060\002}{}% 26
\BOOKMARK [2][-]{subsubsection.4.0.1}{\376\377\177\156\117\341\123\072\225\364}{section.4}% 27
\BOOKMARK [3][-]{subsubsection.4.0.2}{\376\377\230\204\155\113\123\072\225\364}{subsubsection.4.0.1}% 28
\BOOKMARK [3][-]{subsubsection.4.0.3}{\376\377\220\107\122\060\166\204\225\356\230\230}{subsubsection.4.0.1}% 29
